<?xml version="1.0" encoding="UTF-8"?>
<testng-results skipped="0" failed="0" total="1" passed="1">
  <reporter-output>
  </reporter-output>
  <suite name="Suite" duration-ms="23844" started-at="2018-07-09T12:03:58Z" finished-at="2018-07-09T12:04:22Z">
    <groups>
    </groups>
    <test name="Test" duration-ms="23844" started-at="2018-07-09T12:03:58Z" finished-at="2018-07-09T12:04:22Z">
      <class name="Cync_Cloud.Cync_Package.democlass">
        <test-method status="PASS" signature="first()[pri:0, instance:Cync_Cloud.Cync_Package.democlass@3ffc5af1]" name="first" duration-ms="23829" started-at="2018-07-09T17:33:58Z" finished-at="2018-07-09T17:34:22Z">
          <reporter-output>
          </reporter-output>
        </test-method> <!-- first -->
      </class> <!-- Cync_Cloud.Cync_Package.democlass -->
    </test> <!-- Test -->
  </suite> <!-- Suite -->
</testng-results>
